
--- Job APS_Otimizacao.gms Start 08/16/25 08:56:08 50.2.0 d60bb663 WEX-WEI x86 64bit/MS Windows
--- Applying:
    C:\GAMS\50\gmsprmNT.txt
--- GAMS Parameters defined
    Input C:\Users\55159\source\repos\APSSystem_NOVO\APS_Otimizacao.gms
    PageSize 0
    ScrDir C:\Users\55159\source\repos\APSSystem_NOVO\225e\
    SysDir C:\GAMS\50\
    LogOption 3
    AppendLog 1
    ErrMsg 1
    ErrorLog 99
    IDE 1
    LstTitleLeftAligned 1
Licensee: Wellington Barbosa                             G250725+0003Cc-GEN
          Wellington Barbosa Consulting                             DCE4542
          225e\gamslice.dat
          node:21809403 mem:8 cores:4 ipport:50130 v:2                     
          Evaluation license: Not for commercial or production use
          The expiration date of time-limited license is Aug 24, 2025
System information: 4 physical cores and 8 Gb physical memory detected
GAMS 50.2.0   Copyright (C) 1987-2025 GAMS Development. All rights reserved
--- Starting compilation
--- APS_Otimizacao.gms(36) 2 Mb
--- $echo File C:\Users\55159\source\repos\APSSystem_NOVO\cplex.opt
--- APS_Otimizacao.gms(45) 2 Mb
--- . GamsInputData.dat(541) 3 Mb
--- APS_Otimizacao.gms(328) 3 Mb
--- Starting execution: elapsed 0:00:00.027
--- APS_Otimizacao.gms(761) 4 Mb
--- Generating RMIP model CorteMestre
--- APS_Otimizacao.gms(764) 7 Mb
--- LOOPS FOR/WHILE = 1
---   6,293 rows  6,299 columns  12,591 non-zeroes
---   24 discrete-columns
--- Range statistics (absolute non-zero finite values)
--- RHS       [min, max] : [ 2.000E+00, 1.080E+03] - Zero values observed as well
--- Bound     [min, max] : [        NA,        NA] - Zero values observed as well
--- Matrix    [min, max] : [ 1.000E+00, 1.000E+06]
--- Executing CPLEX (Solvelink=2): elapsed 0:00:00.076

IBM ILOG CPLEX   50.2.0 d60bb663 Jul 14, 2025          WEI x86 64bit/MS Window

--- GAMS/CPLEX licensed for continuous and discrete problems.
--- GMO setup time: 0.00s
--- Space for names approximately 0.65 Mb
--- Use option 'names no' to turn use of names off
--- GMO memory 2.44 Mb (peak 2.49 Mb)
--- Dictionary memory 0.00 Mb
--- Cplex 22.1.2.0 link memory 0.19 Mb (peak 1.11 Mb)
--- Starting Cplex

Version identifier: 22.1.2.0 | 2024-11-25 | 0edbb82fd
CPXPARAM_Advance                                 0
CPXPARAM_MIP_Display                             4
CPXPARAM_MIP_Pool_Capacity                       0
CPXPARAM_MIP_Tolerances_AbsMIPGap                0
CPXPARAM_MIP_Tolerances_MIPGap                   0.050000000000000003
Parallel mode: deterministic, using up to 4 threads for concurrent optimization:
 * Starting dual Simplex on 1 thread...
 * Starting Barrier on 3 threads...
Tried aggregator 1 time.
LP Presolve eliminated 6292 rows and 6299 columns.
All rows and columns eliminated.
Presolve time = 0.02 sec. (3.15 ticks)

Dual simplex solved model.


--- LP status (1): optimal.
--- Cplex Time: 0.03sec (det. 6.04 ticks)


Optimal solution found
Objective:   3586000000.000000

--- Reading solution for model CorteMestre
--- Executing after solve: elapsed 0:00:00.221
--- APS_Otimizacao.gms(761) 7 Mb
    [INFO] Iteracao 1 | Backlog: 3586.0000 | Custo: 0.00
--- Generating MIP model GeraPadrao
--- APS_Otimizacao.gms(775) 7 Mb
--- LOOPS FOR/WHILE = 1
---   90 rows  787 columns  1,214 non-zeroes
---   786 discrete-columns
--- Range statistics (absolute non-zero finite values)
--- RHS       [min, max] : [ 1.000E+00, 7.874E+01] - Zero values observed as well
--- Bound     [min, max] : [ 1.000E+00, 1.900E+01] - Zero values observed as well
--- Matrix    [min, max] : [ 1.000E+00, 8.000E+06]
--- Executing CPLEX (Solvelink=2): elapsed 0:00:00.226

IBM ILOG CPLEX   50.2.0 d60bb663 Jul 14, 2025          WEI x86 64bit/MS Window

--- GAMS/CPLEX licensed for continuous and discrete problems.
--- GMO setup time: 0.00s
--- Space for names approximately 0.04 Mb
--- Use option 'names no' to turn use of names off
--- GMO memory 0.60 Mb (peak 0.61 Mb)
--- Dictionary memory 0.00 Mb
--- Cplex 22.1.2.0 link memory 0.02 Mb (peak 0.08 Mb)
--- Starting Cplex

Version identifier: 22.1.2.0 | 2024-11-25 | 0edbb82fd
CPXPARAM_Advance                                 0
CPXPARAM_MIP_Display                             4
CPXPARAM_MIP_Pool_Capacity                       0
CPXPARAM_MIP_Tolerances_AbsMIPGap                0
CPXPARAM_MIP_Tolerances_MIPGap                   0.050000000000000003
Generic callback                                 0x50
Tried aggregator 2 times.
MIP Presolve eliminated 0 rows and 700 columns.
MIP Presolve modified 28 coefficients.
Aggregator did 1 substitutions.
Reduced MIP has 88 rows, 86 columns, and 425 nonzeros.
Reduced MIP has 5 binaries, 81 generals, 0 SOSs, and 0 indicators.
Presolve time = 0.00 sec. (0.95 ticks)
Found incumbent of value 4.2000000e+07 after 0.00 sec. (1.04 ticks)
Probing time = 0.00 sec. (0.08 ticks)
Tried aggregator 1 time.
Detecting symmetries...
Reduced MIP has 88 rows, 86 columns, and 425 nonzeros.
Reduced MIP has 5 binaries, 81 generals, 0 SOSs, and 0 indicators.
Presolve time = 0.00 sec. (0.31 ticks)
Probing time = 0.00 sec. (0.08 ticks)
Clique table members: 1.
MIP emphasis: balance optimality and feasibility.
MIP search method: dynamic search.
Parallel mode: deterministic, using up to 4 threads.
Parallel mode: deterministic, using up to 1 threads for parallel tasks at root LP.
Tried aggregator 1 time.
No LP presolve or aggregator reductions.
Presolve time = 0.00 sec. (0.05 ticks)

Iteration log . . .
Iteration:     1   Dual objective     =      71999999.999999
Root relaxation solution time = 0.02 sec. (0.18 ticks)

        Nodes                                         Cuts/
   Node  Left     Objective  IInf  Best Integer    Best Bound    ItCnt     Gap

*     0+    0                       4.20000e+07   2.68400e+09              --- 
Found incumbent of value 4.2000000e+07 after 0.02 sec. (1.87 ticks)
      0     0   7.19167e+07     2   4.20000e+07   7.19167e+07       25   71.23%
*     0+    0                       6.90000e+07   7.19167e+07             4.23%
Found incumbent of value 6.9000000e+07 after 0.02 sec. (2.40 ticks)
*     0+    0                       7.10000e+07   7.19167e+07             1.29%
Found incumbent of value 7.1000000e+07 after 0.02 sec. (2.43 ticks)
      0     0        cutoff         7.10000e+07   7.19167e+07       25    1.29%
Elapsed time = 0.02 sec. (2.44 ticks, tree = 0.01 MB)

Root node processing (before b&c):
  Real time             =    0.02 sec. (2.45 ticks)
Parallel b&c, 4 threads:
  Real time             =    0.00 sec. (0.00 ticks)
  Sync time (average)   =    0.00 sec.
  Wait time (average)   =    0.00 sec.
                          ------------
Total (root+branch&cut) =    0.02 sec. (2.45 ticks)

--- MIP status (101): integer optimal solution.
--- Cplex Time: 0.02sec (det. 2.45 ticks)

--- Returning a primal only solution to GAMS (marginals all set to NA).
--- Fixing integer variables and solving final LP...

Version identifier: 22.1.2.0 | 2024-11-25 | 0edbb82fd
CPXPARAM_Advance                                 2
CPXPARAM_MIP_Display                             4
CPXPARAM_MIP_Pool_Capacity                       0
CPXPARAM_MIP_Tolerances_AbsMIPGap                0
CPXPARAM_MIP_Tolerances_MIPGap                   0.050000000000000003
Tried aggregator 1 time.
LP Presolve eliminated 89 rows and 787 columns.
All rows and columns eliminated.
Presolve time = 0.00 sec. (0.23 ticks)

--- Fixed MIP status (1): optimal.
--- Cplex Time: 0.00sec (det. 0.33 ticks)


Proven optimal solution
MIP Solution:     71000000.000000    (25 iterations, 0 nodes)
Final Solve:      71000000.000000    (0 iterations)

Best possible:    71000000.000000
Absolute gap:            0.000000
Relative gap:            0.000000

--- Reading solution for model GeraPadrao
--- Executing after solve: elapsed 0:00:00.323
--- APS_Otimizacao.gms(761) 7 Mb
    [INFO] Novo padrao com valor: 71000000.0000
    [ACCEPT] Padrao Job001       aceito com utilizacao: 97.16%
--- Generating RMIP model CorteMestre
--- APS_Otimizacao.gms(764) 7 Mb
--- LOOPS FOR/WHILE = 2
---   6,293 rows  6,299 columns  12,915 non-zeroes
---   24 discrete-columns
--- Range statistics (absolute non-zero finite values)
--- RHS       [min, max] : [ 2.000E+00, 1.080E+03] - Zero values observed as well
--- Bound     [min, max] : [        NA,        NA] - Zero values observed as well
--- Matrix    [min, max] : [ 1.000E+00, 1.000E+06]
--- Executing CPLEX (Solvelink=2): elapsed 0:00:00.335

IBM ILOG CPLEX   50.2.0 d60bb663 Jul 14, 2025          WEI x86 64bit/MS Window

--- GAMS/CPLEX licensed for continuous and discrete problems.
--- GMO setup time: 0.00s
--- Space for names approximately 0.65 Mb
--- Use option 'names no' to turn use of names off
--- GMO memory 2.44 Mb (peak 2.49 Mb)
--- Dictionary memory 0.00 Mb
--- Cplex 22.1.2.0 link memory 0.19 Mb (peak 1.12 Mb)
--- Starting Cplex

Version identifier: 22.1.2.0 | 2024-11-25 | 0edbb82fd
CPXPARAM_Advance                                 0
CPXPARAM_MIP_Display                             4
CPXPARAM_MIP_Pool_Capacity                       0
CPXPARAM_MIP_Tolerances_AbsMIPGap                0
CPXPARAM_MIP_Tolerances_MIPGap                   0.050000000000000003
Parallel mode: deterministic, using up to 4 threads for concurrent optimization:
 * Starting dual Simplex on 1 thread...
 * Starting Barrier on 3 threads...
Tried aggregator 1 time.
LP Presolve eliminated 6283 rows and 6289 columns.
Reduced LP has 9 rows, 10 columns, and 39 nonzeros.
Presolve time = 0.00 sec. (3.69 ticks)

Iteration log . . .
Iteration:     1   Dual objective     =    3446000010.028448

Dual simplex solved model.


--- LP status (1): optimal.
--- Cplex Time: 0.02sec (det. 6.63 ticks)


Optimal solution found
Objective:   3446000010.028448

--- Reading solution for model CorteMestre
--- Executing after solve: elapsed 0:00:00.439
--- APS_Otimizacao.gms(761) 7 Mb
    [INFO] Iteracao 2 | Backlog: 3446.0000 | Custo: 10.03
--- Generating MIP model GeraPadrao
--- APS_Otimizacao.gms(775) 7 Mb
--- LOOPS FOR/WHILE = 2
---   90 rows  787 columns  1,213 non-zeroes
---   786 discrete-columns
--- Range statistics (absolute non-zero finite values)
--- RHS       [min, max] : [ 1.000E+00, 7.874E+01] - Zero values observed as well
--- Bound     [min, max] : [ 1.000E+00, 1.900E+01] - Zero values observed as well
--- Matrix    [min, max] : [ 1.000E+00, 8.000E+06] - Zero values observed as well
--- Executing CPLEX (Solvelink=2): elapsed 0:00:00.444

IBM ILOG CPLEX   50.2.0 d60bb663 Jul 14, 2025          WEI x86 64bit/MS Window

--- GAMS/CPLEX licensed for continuous and discrete problems.
--- GMO setup time: 0.00s
--- Space for names approximately 0.04 Mb
--- Use option 'names no' to turn use of names off
--- GMO memory 0.60 Mb (peak 0.61 Mb)
--- Dictionary memory 0.00 Mb
--- Cplex 22.1.2.0 link memory 0.02 Mb (peak 0.08 Mb)
--- Starting Cplex

Version identifier: 22.1.2.0 | 2024-11-25 | 0edbb82fd
CPXPARAM_Advance                                 0
CPXPARAM_MIP_Display                             4
CPXPARAM_MIP_Pool_Capacity                       0
CPXPARAM_MIP_Tolerances_AbsMIPGap                0
CPXPARAM_MIP_Tolerances_MIPGap                   0.050000000000000003
Generic callback                                 0x50
Tried aggregator 2 times.
MIP Presolve eliminated 0 rows and 700 columns.
MIP Presolve modified 28 coefficients.
Aggregator did 1 substitutions.
Reduced MIP has 88 rows, 86 columns, and 425 nonzeros.
Reduced MIP has 5 binaries, 81 generals, 0 SOSs, and 0 indicators.
Presolve time = 0.00 sec. (0.96 ticks)
Found incumbent of value 4.2000000e+07 after 0.00 sec. (1.05 ticks)
Probing time = 0.00 sec. (0.08 ticks)
Tried aggregator 1 time.
Detecting symmetries...
Reduced MIP has 88 rows, 86 columns, and 425 nonzeros.
Reduced MIP has 5 binaries, 81 generals, 0 SOSs, and 0 indicators.
Presolve time = 0.00 sec. (0.31 ticks)
Probing time = 0.00 sec. (0.08 ticks)
Clique table members: 1.
MIP emphasis: balance optimality and feasibility.
MIP search method: dynamic search.
Parallel mode: deterministic, using up to 4 threads.
Parallel mode: deterministic, using up to 1 threads for parallel tasks at root LP.
Tried aggregator 1 time.
No LP presolve or aggregator reductions.
Presolve time = 0.00 sec. (0.05 ticks)

Iteration log . . .
Iteration:     1   Dual objective     =      71999999.999999
Root relaxation solution time = 0.00 sec. (0.18 ticks)

        Nodes                                         Cuts/
   Node  Left     Objective  IInf  Best Integer    Best Bound    ItCnt     Gap

*     0+    0                       4.20000e+07   2.49300e+09              --- 
Found incumbent of value 4.2000000e+07 after 0.00 sec. (1.88 ticks)
*     0+    0                       4.60000e+07   2.49300e+09              --- 
Found incumbent of value 4.6000000e+07 after 0.00 sec. (1.88 ticks)
      0     0   6.95833e+07     3   4.60000e+07   6.95833e+07       24   51.27%
*     0+    0                       6.90000e+07   6.95833e+07             0.85%
Found incumbent of value 6.9000000e+07 after 0.00 sec. (2.22 ticks)

Root node processing (before b&c):
  Real time             =    0.02 sec. (2.24 ticks)
Parallel b&c, 4 threads:
  Real time             =    0.00 sec. (0.00 ticks)
  Sync time (average)   =    0.00 sec.
  Wait time (average)   =    0.00 sec.
                          ------------
Total (root+branch&cut) =    0.02 sec. (2.24 ticks)

--- MIP status (102): integer optimal, tolerance.
--- Cplex Time: 0.02sec (det. 2.24 ticks)

--- Returning a primal only solution to GAMS (marginals all set to NA).
--- Fixing integer variables and solving final LP...

Version identifier: 22.1.2.0 | 2024-11-25 | 0edbb82fd
CPXPARAM_Advance                                 2
CPXPARAM_MIP_Display                             4
CPXPARAM_MIP_Pool_Capacity                       0
CPXPARAM_MIP_Tolerances_AbsMIPGap                0
CPXPARAM_MIP_Tolerances_MIPGap                   0.050000000000000003
Tried aggregator 1 time.
LP Presolve eliminated 89 rows and 787 columns.
All rows and columns eliminated.
Presolve time = 0.00 sec. (0.23 ticks)

--- Fixed MIP status (1): optimal.
--- Cplex Time: 0.00sec (det. 0.33 ticks)


Solution satisfies tolerances

--- Reading solution for model GeraPadrao
--- Executing after solve: elapsed 0:00:00.531
--- APS_Otimizacao.gms(761) 7 Mb
    [INFO] Novo padrao com valor: 69000000.0000
    [ACCEPT] Padrao Job002       aceito com utilizacao: 97.16%
--- Generating RMIP model CorteMestre
--- APS_Otimizacao.gms(764) 7 Mb
--- LOOPS FOR/WHILE = 3
---   6,293 rows  6,323 columns  13,173 non-zeroes
---   48 discrete-columns
--- Range statistics (absolute non-zero finite values)
--- RHS       [min, max] : [ 2.000E+00, 1.080E+03] - Zero values observed as well
--- Bound     [min, max] : [        NA,        NA] - Zero values observed as well
--- Matrix    [min, max] : [ 1.000E+00, 1.000E+06]
--- Executing CPLEX (Solvelink=2): elapsed 0:00:00.542

IBM ILOG CPLEX   50.2.0 d60bb663 Jul 14, 2025          WEI x86 64bit/MS Window

--- GAMS/CPLEX licensed for continuous and discrete problems.
--- GMO setup time: 0.00s
--- Space for names approximately 0.65 Mb
--- Use option 'names no' to turn use of names off
--- GMO memory 2.44 Mb (peak 2.49 Mb)
--- Dictionary memory 0.00 Mb
--- Cplex 22.1.2.0 link memory 0.19 Mb (peak 1.12 Mb)
--- Starting Cplex

Version identifier: 22.1.2.0 | 2024-11-25 | 0edbb82fd
CPXPARAM_Advance                                 0
CPXPARAM_MIP_Display                             4
CPXPARAM_MIP_Pool_Capacity                       0
CPXPARAM_MIP_Tolerances_AbsMIPGap                0
CPXPARAM_MIP_Tolerances_MIPGap                   0.050000000000000003
Parallel mode: deterministic, using up to 4 threads for concurrent optimization:
 * Starting dual Simplex on 1 thread...
 * Starting Barrier on 3 threads...
Tried aggregator 1 time.
LP Presolve eliminated 6257 rows and 6280 columns.
Reduced LP has 35 rows, 43 columns, and 206 nonzeros.
Presolve time = 0.00 sec. (3.75 ticks)

Iteration log . . .
Iteration:     1   Dual objective     =    3208000012.034138

Dual simplex solved model.


--- LP status (1): optimal.
--- Cplex Time: 0.02sec (det. 6.74 ticks)


Optimal solution found
Objective:   3208248357.303204

--- Reading solution for model CorteMestre
--- Executing after solve: elapsed 0:00:00.644
--- APS_Otimizacao.gms(761) 7 Mb
    [INFO] Iteracao 3 | Backlog: 3208.2483 | Custo: 22.06
--- Generating MIP model GeraPadrao
--- APS_Otimizacao.gms(775) 7 Mb
--- LOOPS FOR/WHILE = 3
---   90 rows  787 columns  1,213 non-zeroes
---   786 discrete-columns
--- Range statistics (absolute non-zero finite values)
--- RHS       [min, max] : [ 1.000E+00, 7.874E+01] - Zero values observed as well
--- Bound     [min, max] : [ 1.000E+00, 1.900E+01] - Zero values observed as well
--- Matrix    [min, max] : [ 3.343E-01, 8.000E+06]
--- Executing CPLEX (Solvelink=2): elapsed 0:00:00.648

IBM ILOG CPLEX   50.2.0 d60bb663 Jul 14, 2025          WEI x86 64bit/MS Window

--- GAMS/CPLEX licensed for continuous and discrete problems.
--- GMO setup time: 0.00s
--- Space for names approximately 0.04 Mb
--- Use option 'names no' to turn use of names off
--- GMO memory 0.60 Mb (peak 0.61 Mb)
--- Dictionary memory 0.00 Mb
--- Cplex 22.1.2.0 link memory 0.02 Mb (peak 0.08 Mb)
--- Starting Cplex

Version identifier: 22.1.2.0 | 2024-11-25 | 0edbb82fd
CPXPARAM_Advance                                 0
CPXPARAM_MIP_Display                             4
CPXPARAM_MIP_Pool_Capacity                       0
CPXPARAM_MIP_Tolerances_AbsMIPGap                0
CPXPARAM_MIP_Tolerances_MIPGap                   0.050000000000000003
Generic callback                                 0x50
Tried aggregator 2 times.
MIP Presolve eliminated 0 rows and 700 columns.
MIP Presolve modified 28 coefficients.
Aggregator did 1 substitutions.
Reduced MIP has 88 rows, 86 columns, and 425 nonzeros.
Reduced MIP has 5 binaries, 81 generals, 0 SOSs, and 0 indicators.
Presolve time = 0.00 sec. (0.96 ticks)
Found incumbent of value 4.2000000e+07 after 0.00 sec. (1.04 ticks)
Probing time = 0.00 sec. (0.08 ticks)
Tried aggregator 1 time.
Detecting symmetries...
Reduced MIP has 88 rows, 86 columns, and 425 nonzeros.
Reduced MIP has 5 binaries, 81 generals, 0 SOSs, and 0 indicators.
Presolve time = 0.00 sec. (0.31 ticks)
Probing time = 0.00 sec. (0.08 ticks)
Clique table members: 1.
MIP emphasis: balance optimality and feasibility.
MIP search method: dynamic search.
Parallel mode: deterministic, using up to 4 threads.
Parallel mode: deterministic, using up to 1 threads for parallel tasks at root LP.
Tried aggregator 1 time.
No LP presolve or aggregator reductions.
Presolve time = 0.00 sec. (0.05 ticks)

Iteration log . . .
Iteration:     1   Dual objective     =      71999999.999999
Root relaxation solution time = 0.00 sec. (0.15 ticks)

        Nodes                                         Cuts/
   Node  Left     Objective  IInf  Best Integer    Best Bound    ItCnt     Gap

*     0+    0                       4.20000e+07   2.37800e+09              --- 
Found incumbent of value 4.2000000e+07 after 0.00 sec. (1.85 ticks)
      0     0   6.54900e+07     2   4.20000e+07   6.54900e+07       17   55.93%
*     0+    0                       6.50000e+07   6.54900e+07             0.75%
Found incumbent of value 6.5000000e+07 after 0.00 sec. (2.18 ticks)

Root node processing (before b&c):
  Real time             =    0.02 sec. (2.19 ticks)
Parallel b&c, 4 threads:
  Real time             =    0.00 sec. (0.00 ticks)
  Sync time (average)   =    0.00 sec.
  Wait time (average)   =    0.00 sec.
                          ------------
Total (root+branch&cut) =    0.02 sec. (2.19 ticks)

--- MIP status (102): integer optimal, tolerance.
--- Cplex Time: 0.02sec (det. 2.20 ticks)

--- Returning a primal only solution to GAMS (marginals all set to NA).
--- Fixing integer variables and solving final LP...

Version identifier: 22.1.2.0 | 2024-11-25 | 0edbb82fd
CPXPARAM_Advance                                 2
CPXPARAM_MIP_Display                             4
CPXPARAM_MIP_Pool_Capacity                       0
CPXPARAM_MIP_Tolerances_AbsMIPGap                0
CPXPARAM_MIP_Tolerances_MIPGap                   0.050000000000000003
Tried aggregator 1 time.
LP Presolve eliminated 89 rows and 787 columns.
All rows and columns eliminated.
Presolve time = 0.00 sec. (0.23 ticks)

--- Fixed MIP status (1): optimal.
--- Cplex Time: 0.00sec (det. 0.33 ticks)


Solution satisfies tolerances

--- Reading solution for model GeraPadrao
--- Executing after solve: elapsed 0:00:00.736
--- APS_Otimizacao.gms(761) 7 Mb
    [INFO] Novo padrao com valor: 65000000.0000
    [ACCEPT] Padrao Job003       aceito com utilizacao: 99.14%
--- Generating RMIP model CorteMestre
--- APS_Otimizacao.gms(764) 7 Mb
--- LOOPS FOR/WHILE = 4
---   6,293 rows  6,347 columns  13,539 non-zeroes
---   72 discrete-columns
--- Range statistics (absolute non-zero finite values)
--- RHS       [min, max] : [ 2.000E+00, 1.080E+03] - Zero values observed as well
--- Bound     [min, max] : [        NA,        NA] - Zero values observed as well
--- Matrix    [min, max] : [ 1.000E+00, 1.000E+06]
--- Executing CPLEX (Solvelink=2): elapsed 0:00:00.748

IBM ILOG CPLEX   50.2.0 d60bb663 Jul 14, 2025          WEI x86 64bit/MS Window

--- GAMS/CPLEX licensed for continuous and discrete problems.
--- GMO setup time: 0.00s
--- Space for names approximately 0.65 Mb
--- Use option 'names no' to turn use of names off
--- GMO memory 2.45 Mb (peak 2.50 Mb)
--- Dictionary memory 0.00 Mb
--- Cplex 22.1.2.0 link memory 0.19 Mb (peak 1.13 Mb)
--- Starting Cplex

Version identifier: 22.1.2.0 | 2024-11-25 | 0edbb82fd
CPXPARAM_Advance                                 0
CPXPARAM_MIP_Display                             4
CPXPARAM_MIP_Pool_Capacity                       0
CPXPARAM_MIP_Tolerances_AbsMIPGap                0
CPXPARAM_MIP_Tolerances_MIPGap                   0.050000000000000003
Parallel mode: deterministic, using up to 4 threads for concurrent optimization:
 * Starting dual Simplex on 1 thread...
 * Starting Barrier on 3 threads...
Tried aggregator 1 time.
LP Presolve eliminated 6249 rows and 6283 columns.
Reduced LP has 43 rows, 64 columns, and 307 nonzeros.
Presolve time = 0.02 sec. (3.81 ticks)

Iteration log . . .
Iteration:     1   Dual objective     =    3018000012.034138

Dual simplex solved model.


--- LP status (1): optimal.
--- Cplex Time: 0.02sec (det. 6.83 ticks)


Optimal solution found
Objective:   3022896706.555868

--- Reading solution for model CorteMestre
--- Executing after solve: elapsed 0:00:00.864
--- APS_Otimizacao.gms(761) 7 Mb
    [INFO] Iteracao 4 | Backlog: 3022.8967 | Custo: 36.07
--- Generating MIP model GeraPadrao
--- APS_Otimizacao.gms(775) 7 Mb
--- LOOPS FOR/WHILE = 4
---   90 rows  787 columns  1,213 non-zeroes
---   786 discrete-columns
--- Range statistics (absolute non-zero finite values)
--- RHS       [min, max] : [ 1.000E+00, 7.874E+01] - Zero values observed as well
--- Bound     [min, max] : [ 1.000E+00, 1.900E+01] - Zero values observed as well
--- Matrix    [min, max] : [ 3.343E-01, 8.000E+06]
--- Executing CPLEX (Solvelink=2): elapsed 0:00:00.868

IBM ILOG CPLEX   50.2.0 d60bb663 Jul 14, 2025          WEI x86 64bit/MS Window

--- GAMS/CPLEX licensed for continuous and discrete problems.
--- GMO setup time: 0.00s
--- Space for names approximately 0.04 Mb
--- Use option 'names no' to turn use of names off
--- GMO memory 0.60 Mb (peak 0.61 Mb)
--- Dictionary memory 0.00 Mb
--- Cplex 22.1.2.0 link memory 0.02 Mb (peak 0.08 Mb)
--- Starting Cplex

Version identifier: 22.1.2.0 | 2024-11-25 | 0edbb82fd
CPXPARAM_Advance                                 0
CPXPARAM_MIP_Display                             4
CPXPARAM_MIP_Pool_Capacity                       0
CPXPARAM_MIP_Tolerances_AbsMIPGap                0
CPXPARAM_MIP_Tolerances_MIPGap                   0.050000000000000003
Generic callback                                 0x50
Tried aggregator 2 times.
MIP Presolve eliminated 0 rows and 700 columns.
MIP Presolve modified 28 coefficients.
Aggregator did 1 substitutions.
Reduced MIP has 88 rows, 86 columns, and 425 nonzeros.
Reduced MIP has 5 binaries, 81 generals, 0 SOSs, and 0 indicators.
Presolve time = 0.00 sec. (0.96 ticks)
Found incumbent of value 4.2000000e+07 after 0.00 sec. (1.04 ticks)
Probing time = 0.00 sec. (0.08 ticks)
Tried aggregator 1 time.
Detecting symmetries...
Reduced MIP has 88 rows, 86 columns, and 425 nonzeros.
Reduced MIP has 5 binaries, 81 generals, 0 SOSs, and 0 indicators.
Presolve time = 0.00 sec. (0.31 ticks)
Probing time = 0.00 sec. (0.08 ticks)
Clique table members: 1.
MIP emphasis: balance optimality and feasibility.
MIP search method: dynamic search.
Parallel mode: deterministic, using up to 4 threads.
Parallel mode: deterministic, using up to 1 threads for parallel tasks at root LP.
Tried aggregator 1 time.
No LP presolve or aggregator reductions.
Presolve time = 0.00 sec. (0.05 ticks)

Iteration log . . .
Iteration:     1   Dual objective     =      72000000.000000
Root relaxation solution time = 0.00 sec. (0.16 ticks)

        Nodes                                         Cuts/
   Node  Left     Objective  IInf  Best Integer    Best Bound    ItCnt     Gap

*     0+    0                       4.20000e+07   2.22980e+09              --- 
Found incumbent of value 4.2000000e+07 after 0.00 sec. (1.85 ticks)
      0     0   5.99792e+07     4   4.20000e+07   5.99792e+07       16   42.81%
      0     0   5.99792e+07     2   4.20000e+07      Fract: 1       17   42.81%
*     0+    0                       5.90000e+07   5.99792e+07             1.66%
Found incumbent of value 5.9000000e+07 after 0.02 sec. (2.95 ticks)

Gomory fractional cuts applied:  1

Root node processing (before b&c):
  Real time             =    0.02 sec. (2.97 ticks)
Parallel b&c, 4 threads:
  Real time             =    0.00 sec. (0.00 ticks)
  Sync time (average)   =    0.00 sec.
  Wait time (average)   =    0.00 sec.
                          ------------
Total (root+branch&cut) =    0.02 sec. (2.97 ticks)

--- MIP status (102): integer optimal, tolerance.
--- Cplex Time: 0.02sec (det. 2.97 ticks)

--- Returning a primal only solution to GAMS (marginals all set to NA).
--- Fixing integer variables and solving final LP...

Version identifier: 22.1.2.0 | 2024-11-25 | 0edbb82fd
CPXPARAM_Advance                                 2
CPXPARAM_MIP_Display                             4
CPXPARAM_MIP_Pool_Capacity                       0
CPXPARAM_MIP_Tolerances_AbsMIPGap                0
CPXPARAM_MIP_Tolerances_MIPGap                   0.050000000000000003
Tried aggregator 1 time.
LP Presolve eliminated 89 rows and 787 columns.
All rows and columns eliminated.
Presolve time = 0.00 sec. (0.23 ticks)

--- Fixed MIP status (1): optimal.
--- Cplex Time: 0.00sec (det. 0.33 ticks)


Solution satisfies tolerances

--- Reading solution for model GeraPadrao
--- Executing after solve: elapsed 0:00:00.966
--- APS_Otimizacao.gms(761) 7 Mb
    [INFO] Novo padrao com valor: 59000000.0000
    [ACCEPT] Padrao Job004       aceito com utilizacao: 98.74%
--- Generating RMIP model CorteMestre
--- APS_Otimizacao.gms(764) 7 Mb
--- LOOPS FOR/WHILE = 5
---   6,293 rows  6,371 columns  13,905 non-zeroes
---   96 discrete-columns
--- Range statistics (absolute non-zero finite values)
--- RHS       [min, max] : [ 2.000E+00, 1.080E+03] - Zero values observed as well
--- Bound     [min, max] : [        NA,        NA] - Zero values observed as well
--- Matrix    [min, max] : [ 1.000E+00, 1.000E+06]
--- Executing CPLEX (Solvelink=2): elapsed 0:00:00.979

IBM ILOG CPLEX   50.2.0 d60bb663 Jul 14, 2025          WEI x86 64bit/MS Window

--- GAMS/CPLEX licensed for continuous and discrete problems.
--- GMO setup time: 0.00s
--- Space for names approximately 0.66 Mb
--- Use option 'names no' to turn use of names off
--- GMO memory 2.45 Mb (peak 2.50 Mb)
--- Dictionary memory 0.00 Mb
--- Cplex 22.1.2.0 link memory 0.19 Mb (peak 1.14 Mb)
--- Starting Cplex

Version identifier: 22.1.2.0 | 2024-11-25 | 0edbb82fd
CPXPARAM_Advance                                 0
CPXPARAM_MIP_Display                             4
CPXPARAM_MIP_Pool_Capacity                       0
CPXPARAM_MIP_Tolerances_AbsMIPGap                0
CPXPARAM_MIP_Tolerances_MIPGap                   0.050000000000000003
Parallel mode: deterministic, using up to 4 threads for concurrent optimization:
 * Starting dual Simplex on 1 thread...
 * Starting Barrier on 3 threads...
Tried aggregator 1 time.
LP Presolve eliminated 6242 rows and 6287 columns.
Reduced LP has 50 rows, 84 columns, and 404 nonzeros.
Presolve time = 0.00 sec. (3.87 ticks)

Iteration log . . .
Iteration:     1   Dual objective     =    2916000024.030175

Dual simplex solved model.


--- LP status (1): optimal.
--- Cplex Time: 0.02sec (det. 6.95 ticks)


Optimal solution found
Objective:   2920896730.586043

--- Reading solution for model CorteMestre
--- Executing after solve: elapsed 0:00:01.081
--- APS_Otimizacao.gms(761) 7 Mb
    [INFO] Iteracao 5 | Backlog: 2920.8967 | Custo: 60.10
--- Generating MIP model GeraPadrao
--- APS_Otimizacao.gms(775) 7 Mb
--- LOOPS FOR/WHILE = 5
---   90 rows  787 columns  1,212 non-zeroes
---   786 discrete-columns
--- Range statistics (absolute non-zero finite values)
--- RHS       [min, max] : [ 1.000E+00, 7.874E+01] - Zero values observed as well
--- Bound     [min, max] : [ 1.000E+00, 1.900E+01] - Zero values observed as well
--- Matrix    [min, max] : [ 3.343E-01, 8.000E+06] - Zero values observed as well
--- Executing CPLEX (Solvelink=2): elapsed 0:00:01.085

IBM ILOG CPLEX   50.2.0 d60bb663 Jul 14, 2025          WEI x86 64bit/MS Window

--- GAMS/CPLEX licensed for continuous and discrete problems.
--- GMO setup time: 0.00s
--- Space for names approximately 0.04 Mb
--- Use option 'names no' to turn use of names off
--- GMO memory 0.60 Mb (peak 0.61 Mb)
--- Dictionary memory 0.00 Mb
--- Cplex 22.1.2.0 link memory 0.02 Mb (peak 0.08 Mb)
--- Starting Cplex

Version identifier: 22.1.2.0 | 2024-11-25 | 0edbb82fd
CPXPARAM_Advance                                 0
CPXPARAM_MIP_Display                             4
CPXPARAM_MIP_Pool_Capacity                       0
CPXPARAM_MIP_Tolerances_AbsMIPGap                0
CPXPARAM_MIP_Tolerances_MIPGap                   0.050000000000000003
Generic callback                                 0x50
Tried aggregator 2 times.
MIP Presolve eliminated 0 rows and 700 columns.
MIP Presolve modified 28 coefficients.
Aggregator did 1 substitutions.
Reduced MIP has 88 rows, 86 columns, and 425 nonzeros.
Reduced MIP has 5 binaries, 81 generals, 0 SOSs, and 0 indicators.
Presolve time = 0.00 sec. (0.96 ticks)
Found incumbent of value 4.2000000e+07 after 0.00 sec. (1.05 ticks)
Probing time = 0.00 sec. (0.08 ticks)
Tried aggregator 1 time.
Detecting symmetries...
Reduced MIP has 88 rows, 86 columns, and 425 nonzeros.
Reduced MIP has 5 binaries, 81 generals, 0 SOSs, and 0 indicators.
Presolve time = 0.00 sec. (0.32 ticks)
Probing time = 0.00 sec. (0.08 ticks)
Clique table members: 1.
MIP emphasis: balance optimality and feasibility.
MIP search method: dynamic search.
Parallel mode: deterministic, using up to 4 threads.
Parallel mode: deterministic, using up to 1 threads for parallel tasks at root LP.
Tried aggregator 1 time.
No LP presolve or aggregator reductions.
Presolve time = 0.00 sec. (0.05 ticks)

Iteration log . . .
Iteration:     1   Dual objective     =      71999999.999999
Root relaxation solution time = 0.00 sec. (0.16 ticks)

        Nodes                                         Cuts/
   Node  Left     Objective  IInf  Best Integer    Best Bound    ItCnt     Gap

*     0+    0                       4.20000e+07   2.07180e+09              --- 
Found incumbent of value 4.2000000e+07 after 0.00 sec. (1.86 ticks)
      0     0   5.88864e+07     4   4.20000e+07   5.88864e+07       16   40.21%
      0     0   5.88864e+07     2   4.20000e+07       Cuts: 2       17   40.21%
      0     0   5.88478e+07     3   4.20000e+07       Cuts: 2       20   40.11%
      0     0   5.88309e+07     2   4.20000e+07   ZeroHalf: 1       21   40.07%
*     0+    0                       5.50000e+07   5.88309e+07             6.97%
Found incumbent of value 5.5000000e+07 after 0.01 sec. (3.17 ticks)
*     0+    0                       5.80000e+07   5.88309e+07             1.43%
Found incumbent of value 5.8000000e+07 after 0.01 sec. (3.31 ticks)

Zero-half cuts applied:  1
Gomory fractional cuts applied:  1

Root node processing (before b&c):
  Real time             =    0.01 sec. (3.33 ticks)
Parallel b&c, 4 threads:
  Real time             =    0.00 sec. (0.00 ticks)
  Sync time (average)   =    0.00 sec.
  Wait time (average)   =    0.00 sec.
                          ------------
Total (root+branch&cut) =    0.01 sec. (3.33 ticks)

--- MIP status (102): integer optimal, tolerance.
--- Cplex Time: 0.01sec (det. 3.34 ticks)

--- Returning a primal only solution to GAMS (marginals all set to NA).
--- Fixing integer variables and solving final LP...

Version identifier: 22.1.2.0 | 2024-11-25 | 0edbb82fd
CPXPARAM_Advance                                 2
CPXPARAM_MIP_Display                             4
CPXPARAM_MIP_Pool_Capacity                       0
CPXPARAM_MIP_Tolerances_AbsMIPGap                0
CPXPARAM_MIP_Tolerances_MIPGap                   0.050000000000000003
Tried aggregator 1 time.
LP Presolve eliminated 89 rows and 787 columns.
All rows and columns eliminated.
Presolve time = 0.00 sec. (0.23 ticks)

--- Fixed MIP status (1): optimal.
--- Cplex Time: 0.00sec (det. 0.33 ticks)


Solution satisfies tolerances

--- Reading solution for model GeraPadrao
--- Executing after solve: elapsed 0:00:01.177
--- APS_Otimizacao.gms(761) 7 Mb
    [INFO] Novo padrao com valor: 58000000.0000
    [ACCEPT] Padrao Job005       aceito com utilizacao: 97.16%
--- Generating RMIP model CorteMestre
--- APS_Otimizacao.gms(764) 8 Mb
--- LOOPS FOR/WHILE = 6
---   6,293 rows  6,395 columns  14,271 non-zeroes
---   120 discrete-columns
--- Range statistics (absolute non-zero finite values)
--- RHS       [min, max] : [ 2.000E+00, 1.080E+03] - Zero values observed as well
--- Bound     [min, max] : [        NA,        NA] - Zero values observed as well
--- Matrix    [min, max] : [ 1.000E+00, 1.000E+06]
--- Executing CPLEX (Solvelink=2): elapsed 0:00:01.191

IBM ILOG CPLEX   50.2.0 d60bb663 Jul 14, 2025          WEI x86 64bit/MS Window

--- GAMS/CPLEX licensed for continuous and discrete problems.
--- GMO setup time: 0.00s
--- Space for names approximately 0.66 Mb
--- Use option 'names no' to turn use of names off
--- GMO memory 2.45 Mb (peak 2.50 Mb)
--- Dictionary memory 0.00 Mb
--- Cplex 22.1.2.0 link memory 0.19 Mb (peak 1.14 Mb)
--- Starting Cplex

Version identifier: 22.1.2.0 | 2024-11-25 | 0edbb82fd
CPXPARAM_Advance                                 0
CPXPARAM_MIP_Display                             4
CPXPARAM_MIP_Pool_Capacity                       0
CPXPARAM_MIP_Tolerances_AbsMIPGap                0
CPXPARAM_MIP_Tolerances_MIPGap                   0.050000000000000003
Parallel mode: deterministic, using up to 4 threads for concurrent optimization:
 * Starting dual Simplex on 1 thread...
 * Starting Barrier on 3 threads...
Tried aggregator 1 time.
LP Presolve eliminated 6234 rows and 6290 columns.
Reduced LP has 58 rows, 105 columns, and 505 nonzeros.
Presolve time = 0.00 sec. (3.93 ticks)

Iteration log . . .
Iteration:     1   Dual objective     =    2802000024.030175

Dual simplex solved model.


--- LP status (1): optimal.
--- Cplex Time: 0.03sec (det. 7.05 ticks)


Optimal solution found
Objective:   2808896734.597423

--- Reading solution for model CorteMestre
--- Executing after solve: elapsed 0:00:01.316
--- APS_Otimizacao.gms(761) 8 Mb
    [INFO] Iteracao 6 | Backlog: 2808.8967 | Custo: 64.12
--- Generating MIP model GeraPadrao
--- APS_Otimizacao.gms(775) 8 Mb
--- LOOPS FOR/WHILE = 6
---   90 rows  787 columns  1,211 non-zeroes
---   786 discrete-columns
--- Range statistics (absolute non-zero finite values)
--- RHS       [min, max] : [ 1.000E+00, 7.874E+01] - Zero values observed as well
--- Bound     [min, max] : [ 1.000E+00, 1.900E+01] - Zero values observed as well
--- Matrix    [min, max] : [ 3.343E-01, 8.000E+06] - Zero values observed as well
--- Executing CPLEX (Solvelink=2): elapsed 0:00:01.322

IBM ILOG CPLEX   50.2.0 d60bb663 Jul 14, 2025          WEI x86 64bit/MS Window

--- GAMS/CPLEX licensed for continuous and discrete problems.
--- GMO setup time: 0.00s
--- Space for names approximately 0.04 Mb
--- Use option 'names no' to turn use of names off
--- GMO memory 0.60 Mb (peak 0.61 Mb)
--- Dictionary memory 0.00 Mb
--- Cplex 22.1.2.0 link memory 0.02 Mb (peak 0.08 Mb)
--- Starting Cplex

Version identifier: 22.1.2.0 | 2024-11-25 | 0edbb82fd
CPXPARAM_Advance                                 0
CPXPARAM_MIP_Display                             4
CPXPARAM_MIP_Pool_Capacity                       0
CPXPARAM_MIP_Tolerances_AbsMIPGap                0
CPXPARAM_MIP_Tolerances_MIPGap                   0.050000000000000003
Generic callback                                 0x50
Tried aggregator 2 times.
MIP Presolve eliminated 0 rows and 700 columns.
MIP Presolve modified 28 coefficients.
Aggregator did 1 substitutions.
Reduced MIP has 88 rows, 86 columns, and 425 nonzeros.
Reduced MIP has 5 binaries, 81 generals, 0 SOSs, and 0 indicators.
Presolve time = 0.00 sec. (0.96 ticks)
Found incumbent of value 4.2000000e+07 after 0.00 sec. (1.05 ticks)
Probing time = 0.00 sec. (0.08 ticks)
Tried aggregator 1 time.
Detecting symmetries...
Reduced MIP has 88 rows, 86 columns, and 425 nonzeros.
Reduced MIP has 5 binaries, 81 generals, 0 SOSs, and 0 indicators.
Presolve time = 0.00 sec. (0.32 ticks)
Probing time = 0.00 sec. (0.08 ticks)
Clique table members: 1.
MIP emphasis: balance optimality and feasibility.
MIP search method: dynamic search.
Parallel mode: deterministic, using up to 4 threads.
Parallel mode: deterministic, using up to 1 threads for parallel tasks at root LP.
Tried aggregator 1 time.
No LP presolve or aggregator reductions.
Presolve time = 0.00 sec. (0.05 ticks)

Iteration log . . .
Iteration:     1   Dual objective     =      71999999.999999
Root relaxation solution time = 0.00 sec. (0.17 ticks)

        Nodes                                         Cuts/
   Node  Left     Objective  IInf  Best Integer    Best Bound    ItCnt     Gap

*     0+    0                       4.20000e+07   1.93580e+09              --- 
Found incumbent of value 4.2000000e+07 after 0.02 sec. (1.87 ticks)
*     0+    0                       4.30000e+07   1.93580e+09              --- 
Found incumbent of value 4.3000000e+07 after 0.02 sec. (1.87 ticks)
      0     0   5.79016e+07     4   4.30000e+07   5.79016e+07       21   34.65%
      0     0   5.75497e+07     6   4.30000e+07       Cuts: 3       24   33.84%
      0     0   5.70195e+07     5   4.30000e+07      Fract: 1       28   32.60%
      0     0   5.68897e+07     2   4.30000e+07    MIRcuts: 3       29   32.30%
      0     0   5.68431e+07     6   4.30000e+07    MIRcuts: 1       31   32.19%
      0     0   5.68352e+07     6   4.30000e+07    MIRcuts: 1       32   32.17%
*     0+    0                       5.60000e+07   5.68352e+07             1.49%
Found incumbent of value 5.6000000e+07 after 0.02 sec. (4.54 ticks)

Mixed integer rounding cuts applied:  3
Gomory fractional cuts applied:  1

Root node processing (before b&c):
  Real time             =    0.03 sec. (4.56 ticks)
Parallel b&c, 4 threads:
  Real time             =    0.00 sec. (0.00 ticks)
  Sync time (average)   =    0.00 sec.
  Wait time (average)   =    0.00 sec.
                          ------------
Total (root+branch&cut) =    0.03 sec. (4.56 ticks)

--- MIP status (102): integer optimal, tolerance.
--- Cplex Time: 0.03sec (det. 4.57 ticks)

--- Returning a primal only solution to GAMS (marginals all set to NA).
--- Fixing integer variables and solving final LP...

Version identifier: 22.1.2.0 | 2024-11-25 | 0edbb82fd
CPXPARAM_Advance                                 2
CPXPARAM_MIP_Display                             4
CPXPARAM_MIP_Pool_Capacity                       0
CPXPARAM_MIP_Tolerances_AbsMIPGap                0
CPXPARAM_MIP_Tolerances_MIPGap                   0.050000000000000003
Tried aggregator 1 time.
LP Presolve eliminated 89 rows and 787 columns.
All rows and columns eliminated.
Presolve time = 0.00 sec. (0.23 ticks)

--- Fixed MIP status (1): optimal.
--- Cplex Time: 0.00sec (det. 0.33 ticks)


Solution satisfies tolerances

--- Reading solution for model GeraPadrao
--- Executing after solve: elapsed 0:00:01.431
--- APS_Otimizacao.gms(761) 8 Mb
    [INFO] Novo padrao com valor: 56000000.0000
    [ACCEPT] Padrao Job006       aceito com utilizacao: 99.70%
--- Generating RMIP model CorteMestre
--- APS_Otimizacao.gms(764) 8 Mb
--- LOOPS FOR/WHILE = 7
---   6,293 rows  6,419 columns  14,637 non-zeroes
---   144 discrete-columns
--- Range statistics (absolute non-zero finite values)
--- RHS       [min, max] : [ 2.000E+00, 1.080E+03] - Zero values observed as well
--- Bound     [min, max] : [        NA,        NA] - Zero values observed as well
--- Matrix    [min, max] : [ 1.000E+00, 1.000E+06]
--- Executing CPLEX (Solvelink=2): elapsed 0:00:01.450

IBM ILOG CPLEX   50.2.0 d60bb663 Jul 14, 2025          WEI x86 64bit/MS Window

--- GAMS/CPLEX licensed for continuous and discrete problems.
--- GMO setup time: 0.00s
--- Space for names approximately 0.66 Mb
--- Use option 'names no' to turn use of names off
--- GMO memory 2.46 Mb (peak 2.50 Mb)
--- Dictionary memory 0.00 Mb
--- Cplex 22.1.2.0 link memory 0.19 Mb (peak 1.15 Mb)
--- Starting Cplex

Version identifier: 22.1.2.0 | 2024-11-25 | 0edbb82fd
CPXPARAM_Advance                                 0
CPXPARAM_MIP_Display                             4
CPXPARAM_MIP_Pool_Capacity                       0
CPXPARAM_MIP_Tolerances_AbsMIPGap                0
CPXPARAM_MIP_Tolerances_MIPGap                   0.050000000000000003
Parallel mode: deterministic, using up to 4 threads for concurrent optimization:
 * Starting dual Simplex on 1 thread...
 * Starting Barrier on 3 threads...
Tried aggregator 1 time.
LP Presolve eliminated 6226 rows and 6293 columns.
Reduced LP has 66 rows, 126 columns, and 606 nonzeros.
Presolve time = 0.00 sec. (3.99 ticks)

Iteration log . . .
Iteration:     1   Dual objective     =    2554000040.012192

Dual simplex solved model.


--- LP status (1): optimal.
--- Cplex Time: 0.02sec (det. 7.16 ticks)


Optimal solution found
Objective:   2562896774.609614

--- Reading solution for model CorteMestre
--- Executing after solve: elapsed 0:00:01.569
--- APS_Otimizacao.gms(761) 8 Mb
    [INFO] Iteracao 7 | Backlog: 2562.8967 | Custo: 104.13
--- Generating MIP model GeraPadrao
--- APS_Otimizacao.gms(775) 8 Mb
--- LOOPS FOR/WHILE = 7
---   90 rows  787 columns  1,210 non-zeroes
---   786 discrete-columns
--- Range statistics (absolute non-zero finite values)
--- RHS       [min, max] : [ 1.000E+00, 7.874E+01] - Zero values observed as well
--- Bound     [min, max] : [ 1.000E+00, 1.900E+01] - Zero values observed as well
--- Matrix    [min, max] : [ 3.343E-01, 8.000E+06] - Zero values observed as well
--- Executing CPLEX (Solvelink=2): elapsed 0:00:01.573

IBM ILOG CPLEX   50.2.0 d60bb663 Jul 14, 2025          WEI x86 64bit/MS Window

--- GAMS/CPLEX licensed for continuous and discrete problems.
--- GMO setup time: 0.00s
--- Space for names approximately 0.04 Mb
--- Use option 'names no' to turn use of names off
--- GMO memory 0.60 Mb (peak 0.61 Mb)
--- Dictionary memory 0.00 Mb
--- Cplex 22.1.2.0 link memory 0.02 Mb (peak 0.08 Mb)
--- Starting Cplex

Version identifier: 22.1.2.0 | 2024-11-25 | 0edbb82fd
CPXPARAM_Advance                                 0
CPXPARAM_MIP_Display                             4
CPXPARAM_MIP_Pool_Capacity                       0
CPXPARAM_MIP_Tolerances_AbsMIPGap                0
CPXPARAM_MIP_Tolerances_MIPGap                   0.050000000000000003
Generic callback                                 0x50
Tried aggregator 2 times.
MIP Presolve eliminated 0 rows and 700 columns.
MIP Presolve modified 28 coefficients.
Aggregator did 1 substitutions.
Reduced MIP has 88 rows, 86 columns, and 425 nonzeros.
Reduced MIP has 5 binaries, 81 generals, 0 SOSs, and 0 indicators.
Presolve time = 0.00 sec. (0.96 ticks)
Found incumbent of value 4.2000000e+07 after 0.00 sec. (1.05 ticks)
Probing time = 0.00 sec. (0.08 ticks)
Tried aggregator 1 time.
Detecting symmetries...
Reduced MIP has 88 rows, 86 columns, and 425 nonzeros.
Reduced MIP has 5 binaries, 81 generals, 0 SOSs, and 0 indicators.
Presolve time = 0.00 sec. (0.32 ticks)
Probing time = 0.00 sec. (0.08 ticks)
Clique table members: 1.
MIP emphasis: balance optimality and feasibility.
MIP search method: dynamic search.
Parallel mode: deterministic, using up to 4 threads.
Parallel mode: deterministic, using up to 1 threads for parallel tasks at root LP.
Tried aggregator 1 time.
No LP presolve or aggregator reductions.
Presolve time = 0.00 sec. (0.05 ticks)

Iteration log . . .
Iteration:     1   Dual objective     =      72000000.000000
Root relaxation solution time = 0.00 sec. (0.15 ticks)

        Nodes                                         Cuts/
   Node  Left     Objective  IInf  Best Integer    Best Bound    ItCnt     Gap

*     0+    0                       4.20000e+07   1.81380e+09              --- 
Found incumbent of value 4.2000000e+07 after 0.00 sec. (1.85 ticks)
      0     0   5.69403e+07     4   4.20000e+07   5.69403e+07       12   35.57%
      0     0   5.67340e+07     5   4.20000e+07       Cuts: 2       15   35.08%
      0     0   5.64376e+07     6   4.20000e+07       Cuts: 3       18   34.38%
*     0+    0                       4.80000e+07   5.64376e+07            17.58%
Found incumbent of value 4.8000000e+07 after 0.02 sec. (3.59 ticks)
      0     2   5.64376e+07     6   4.80000e+07   5.58750e+07       18   16.41%
Elapsed time = 0.03 sec. (3.82 ticks, tree = 0.02 MB)
*     5     4      integral     0   5.20000e+07   5.58750e+07       26    7.45%
Found incumbent of value 5.2000000e+07 after 0.03 sec. (4.01 ticks)

Gomory fractional cuts applied:  2

Root node processing (before b&c):
  Real time             =    0.03 sec. (3.78 ticks)
Parallel b&c, 4 threads:
  Real time             =    0.00 sec. (1.76 ticks)
  Sync time (average)   =    0.00 sec.
  Wait time (average)   =    0.00 sec.
                          ------------
Total (root+branch&cut) =    0.03 sec. (5.54 ticks)

--- MIP status (102): integer optimal, tolerance.
--- Cplex Time: 0.03sec (det. 5.54 ticks)

--- Returning a primal only solution to GAMS (marginals all set to NA).
--- Fixing integer variables and solving final LP...

Version identifier: 22.1.2.0 | 2024-11-25 | 0edbb82fd
CPXPARAM_Advance                                 2
CPXPARAM_MIP_Display                             4
CPXPARAM_MIP_Pool_Capacity                       0
CPXPARAM_MIP_Tolerances_AbsMIPGap                0
CPXPARAM_MIP_Tolerances_MIPGap                   0.050000000000000003
Tried aggregator 1 time.
LP Presolve eliminated 89 rows and 787 columns.
All rows and columns eliminated.
Presolve time = 0.00 sec. (0.23 ticks)

--- Fixed MIP status (1): optimal.
--- Cplex Time: 0.00sec (det. 0.33 ticks)


Solution satisfies tolerances

--- Reading solution for model GeraPadrao
--- Executing after solve: elapsed 0:00:01.679
--- APS_Otimizacao.gms(761) 8 Mb
    [INFO] Novo padrao com valor: 52000000.0000
    [ACCEPT] Padrao Job007       aceito com utilizacao: 99.06%
--- Generating RMIP model CorteMestre
--- APS_Otimizacao.gms(764) 8 Mb
--- LOOPS FOR/WHILE = 8
---   6,293 rows  6,443 columns  15,003 non-zeroes
---   168 discrete-columns
--- Range statistics (absolute non-zero finite values)
--- RHS       [min, max] : [ 2.000E+00, 1.080E+03] - Zero values observed as well
--- Bound     [min, max] : [        NA,        NA] - Zero values observed as well
--- Matrix    [min, max] : [ 1.000E+00, 1.000E+06]
--- Executing CPLEX (Solvelink=2): elapsed 0:00:01.693

IBM ILOG CPLEX   50.2.0 d60bb663 Jul 14, 2025          WEI x86 64bit/MS Window

--- GAMS/CPLEX licensed for continuous and discrete problems.
--- GMO setup time: 0.00s
--- Space for names approximately 0.66 Mb
--- Use option 'names no' to turn use of names off
--- GMO memory 2.46 Mb (peak 2.51 Mb)
--- Dictionary memory 0.00 Mb
--- Cplex 22.1.2.0 link memory 0.19 Mb (peak 1.15 Mb)
--- Starting Cplex

Version identifier: 22.1.2.0 | 2024-11-25 | 0edbb82fd
CPXPARAM_Advance                                 0
CPXPARAM_MIP_Display                             4
CPXPARAM_MIP_Pool_Capacity                       0
CPXPARAM_MIP_Tolerances_AbsMIPGap                0
CPXPARAM_MIP_Tolerances_MIPGap                   0.050000000000000003
Parallel mode: deterministic, using up to 4 threads for concurrent optimization:
 * Starting dual Simplex on 1 thread...
 * Starting Barrier on 3 threads...
Tried aggregator 1 time.
LP Presolve eliminated 6219 rows and 6297 columns.
Reduced LP has 73 rows, 146 columns, and 703 nonzeros.
Presolve time = 0.00 sec. (4.04 ticks)

Iteration log . . .
Iteration:     1   Dual objective     =    2366000040.012192

Dual simplex solved model.


--- LP status (1): optimal.
--- Cplex Time: 0.01sec (det. 7.26 ticks)


Optimal solution found
Objective:   2374896786.620893

--- Reading solution for model CorteMestre
--- Executing after solve: elapsed 0:00:01.803
--- APS_Otimizacao.gms(761) 8 Mb
    [INFO] Iteracao 8 | Backlog: 2374.8967 | Custo: 116.14
--- Generating MIP model GeraPadrao
--- APS_Otimizacao.gms(775) 8 Mb
--- LOOPS FOR/WHILE = 8
---   90 rows  787 columns  1,209 non-zeroes
---   786 discrete-columns
--- Range statistics (absolute non-zero finite values)
--- RHS       [min, max] : [ 1.000E+00, 7.874E+01] - Zero values observed as well
--- Bound     [min, max] : [ 1.000E+00, 1.900E+01] - Zero values observed as well
--- Matrix    [min, max] : [ 3.343E-01, 8.000E+06] - Zero values observed as well
--- Executing CPLEX (Solvelink=2): elapsed 0:00:01.808

IBM ILOG CPLEX   50.2.0 d60bb663 Jul 14, 2025          WEI x86 64bit/MS Window

--- GAMS/CPLEX licensed for continuous and discrete problems.
--- GMO setup time: 0.00s
--- Space for names approximately 0.04 Mb
--- Use option 'names no' to turn use of names off
--- GMO memory 0.60 Mb (peak 0.61 Mb)
--- Dictionary memory 0.00 Mb
--- Cplex 22.1.2.0 link memory 0.02 Mb (peak 0.08 Mb)
--- Starting Cplex

Version identifier: 22.1.2.0 | 2024-11-25 | 0edbb82fd
CPXPARAM_Advance                                 0
CPXPARAM_MIP_Display                             4
CPXPARAM_MIP_Pool_Capacity                       0
CPXPARAM_MIP_Tolerances_AbsMIPGap                0
CPXPARAM_MIP_Tolerances_MIPGap                   0.050000000000000003
Generic callback                                 0x50
Tried aggregator 2 times.
MIP Presolve eliminated 0 rows and 700 columns.
MIP Presolve modified 28 coefficients.
Aggregator did 1 substitutions.
Reduced MIP has 88 rows, 86 columns, and 425 nonzeros.
Reduced MIP has 5 binaries, 81 generals, 0 SOSs, and 0 indicators.
Presolve time = 0.00 sec. (0.97 ticks)
Found incumbent of value 0.000000 after 0.00 sec. (1.05 ticks)
Probing time = 0.00 sec. (0.08 ticks)
Tried aggregator 1 time.
Detecting symmetries...
Reduced MIP has 88 rows, 86 columns, and 425 nonzeros.
Reduced MIP has 5 binaries, 81 generals, 0 SOSs, and 0 indicators.
Presolve time = 0.00 sec. (0.32 ticks)
Probing time = 0.00 sec. (0.08 ticks)
Clique table members: 1.
MIP emphasis: balance optimality and feasibility.
MIP search method: dynamic search.
Parallel mode: deterministic, using up to 4 threads.
Parallel mode: deterministic, using up to 1 threads for parallel tasks at root LP.
Tried aggregator 1 time.
No LP presolve or aggregator reductions.
Presolve time = 0.00 sec. (0.05 ticks)

Iteration log . . .
Iteration:     1   Dual objective     =      71999999.999999
Root relaxation solution time = 0.00 sec. (0.15 ticks)

        Nodes                                         Cuts/
   Node  Left     Objective  IInf  Best Integer    Best Bound    ItCnt     Gap

*     0+    0                            0.0000   1.69080e+09              --- 
Found incumbent of value 0.000000 after 0.00 sec. (1.86 ticks)
      0     0   5.64088e+07     4        0.0000   5.64088e+07       12     --- 
      0     0   5.59167e+07     6        0.0000      Fract: 1       15     --- 
      0     0   5.39486e+07     7        0.0000      Fract: 1       21     --- 
      0     0   5.37719e+07     5        0.0000    MIRcuts: 2       27     --- 
      0     0   5.37352e+07     6        0.0000    MIRcuts: 3       30     --- 
      0     0   5.36260e+07     6        0.0000       Cuts: 2       32     --- 
      0     0   5.35710e+07     7        0.0000    MIRcuts: 1       33     --- 
*     0+    0                       5.10000e+07   5.35710e+07             5.04%
Found incumbent of value 5.1000000e+07 after 0.02 sec. (5.34 ticks)
*     0+    0                       5.20000e+07   5.35710e+07             3.02%
Found incumbent of value 5.2000000e+07 after 0.03 sec. (5.89 ticks)

Mixed integer rounding cuts applied:  4
Gomory fractional cuts applied:  2

Root node processing (before b&c):
  Real time             =    0.03 sec. (5.91 ticks)
Parallel b&c, 4 threads:
  Real time             =    0.00 sec. (0.00 ticks)
  Sync time (average)   =    0.00 sec.
  Wait time (average)   =    0.00 sec.
                          ------------
Total (root+branch&cut) =    0.03 sec. (5.91 ticks)

--- MIP status (102): integer optimal, tolerance.
--- Cplex Time: 0.03sec (det. 5.91 ticks)

--- Returning a primal only solution to GAMS (marginals all set to NA).
--- Fixing integer variables and solving final LP...

Version identifier: 22.1.2.0 | 2024-11-25 | 0edbb82fd
CPXPARAM_Advance                                 2
CPXPARAM_MIP_Display                             4
CPXPARAM_MIP_Pool_Capacity                       0
CPXPARAM_MIP_Tolerances_AbsMIPGap                0
CPXPARAM_MIP_Tolerances_MIPGap                   0.050000000000000003
Tried aggregator 1 time.
LP Presolve eliminated 89 rows and 787 columns.
All rows and columns eliminated.
Presolve time = 0.00 sec. (0.23 ticks)

--- Fixed MIP status (1): optimal.
--- Cplex Time: 0.00sec (det. 0.33 ticks)


Solution satisfies tolerances

--- Reading solution for model GeraPadrao
--- Executing after solve: elapsed 0:00:01.915
--- APS_Otimizacao.gms(761) 8 Mb
    [INFO] Novo padrao com valor: 52000000.0000
    [ACCEPT] Padrao Job008       aceito com utilizacao: 99.54%
--- Generating RMIP model CorteMestre
--- APS_Otimizacao.gms(764) 8 Mb
--- LOOPS FOR/WHILE = 9
---   6,293 rows  6,467 columns  15,369 non-zeroes
---   192 discrete-columns
--- Range statistics (absolute non-zero finite values)
--- RHS       [min, max] : [ 2.000E+00, 1.080E+03] - Zero values observed as well
--- Bound     [min, max] : [        NA,        NA] - Zero values observed as well
--- Matrix    [min, max] : [ 1.000E+00, 1.000E+06]
--- Executing CPLEX (Solvelink=2): elapsed 0:00:01.936

IBM ILOG CPLEX   50.2.0 d60bb663 Jul 14, 2025          WEI x86 64bit/MS Window

--- GAMS/CPLEX licensed for continuous and discrete problems.
--- GMO setup time: 0.00s
--- Space for names approximately 0.66 Mb
--- Use option 'names no' to turn use of names off
--- GMO memory 2.46 Mb (peak 2.51 Mb)
--- Dictionary memory 0.00 Mb
--- Cplex 22.1.2.0 link memory 0.20 Mb (peak 1.16 Mb)
--- Starting Cplex

Version identifier: 22.1.2.0 | 2024-11-25 | 0edbb82fd
CPXPARAM_Advance                                 0
CPXPARAM_MIP_Display                             4
CPXPARAM_MIP_Pool_Capacity                       0
CPXPARAM_MIP_Tolerances_AbsMIPGap                0
CPXPARAM_MIP_Tolerances_MIPGap                   0.050000000000000003
Parallel mode: deterministic, using up to 4 threads for concurrent optimization:
 * Starting dual Simplex on 1 thread...
 * Starting Barrier on 3 threads...
Tried aggregator 1 time.
LP Presolve eliminated 6211 rows and 6300 columns.
Reduced LP has 81 rows, 167 columns, and 804 nonzeros.
Presolve time = 0.02 sec. (4.10 ticks)

Iteration log . . .
Iteration:     1   Dual objective     =    2250000040.012192

Dual simplex solved model.


--- LP status (1): optimal.
--- Cplex Time: 0.02sec (det. 7.37 ticks)


Optimal solution found
Objective:   2260896794.624600

--- Reading solution for model CorteMestre
--- Executing after solve: elapsed 0:00:02.041
--- APS_Otimizacao.gms(761) 8 Mb
    [INFO] Iteracao 9 | Backlog: 2260.8967 | Custo: 124.14
--- Generating MIP model GeraPadrao
--- APS_Otimizacao.gms(775) 8 Mb
--- LOOPS FOR/WHILE = 9
---   90 rows  787 columns  1,208 non-zeroes
---   786 discrete-columns
--- Range statistics (absolute non-zero finite values)
--- RHS       [min, max] : [ 1.000E+00, 7.874E+01] - Zero values observed as well
--- Bound     [min, max] : [ 1.000E+00, 1.900E+01] - Zero values observed as well
--- Matrix    [min, max] : [ 3.343E-01, 8.000E+06] - Zero values observed as well
--- Executing CPLEX (Solvelink=2): elapsed 0:00:02.046

IBM ILOG CPLEX   50.2.0 d60bb663 Jul 14, 2025          WEI x86 64bit/MS Window

--- GAMS/CPLEX licensed for continuous and discrete problems.
--- GMO setup time: 0.00s
--- Space for names approximately 0.04 Mb
--- Use option 'names no' to turn use of names off
--- GMO memory 0.60 Mb (peak 0.61 Mb)
--- Dictionary memory 0.00 Mb
--- Cplex 22.1.2.0 link memory 0.02 Mb (peak 0.08 Mb)
--- Starting Cplex

Version identifier: 22.1.2.0 | 2024-11-25 | 0edbb82fd
CPXPARAM_Advance                                 0
CPXPARAM_MIP_Display                             4
CPXPARAM_MIP_Pool_Capacity                       0
CPXPARAM_MIP_Tolerances_AbsMIPGap                0
CPXPARAM_MIP_Tolerances_MIPGap                   0.050000000000000003
Generic callback                                 0x50
Tried aggregator 2 times.
MIP Presolve eliminated 0 rows and 700 columns.
MIP Presolve modified 28 coefficients.
Aggregator did 1 substitutions.
Reduced MIP has 88 rows, 86 columns, and 425 nonzeros.
Reduced MIP has 5 binaries, 81 generals, 0 SOSs, and 0 indicators.
Presolve time = 0.00 sec. (0.97 ticks)
Found incumbent of value 0.000000 after 0.00 sec. (1.06 ticks)
Probing time = 0.00 sec. (0.08 ticks)
Tried aggregator 1 time.
Detecting symmetries...
Reduced MIP has 88 rows, 86 columns, and 425 nonzeros.
Reduced MIP has 5 binaries, 81 generals, 0 SOSs, and 0 indicators.
Presolve time = 0.00 sec. (0.32 ticks)
Probing time = 0.00 sec. (0.08 ticks)
Clique table members: 1.
MIP emphasis: balance optimality and feasibility.
MIP search method: dynamic search.
Parallel mode: deterministic, using up to 4 threads.
Parallel mode: deterministic, using up to 1 threads for parallel tasks at root LP.
Tried aggregator 1 time.
No LP presolve or aggregator reductions.
Presolve time = 0.00 sec. (0.05 ticks)

Iteration log . . .
Iteration:     1   Dual objective     =      72000000.000000
Root relaxation solution time = 0.00 sec. (0.15 ticks)

        Nodes                                         Cuts/
   Node  Left     Objective  IInf  Best Integer    Best Bound    ItCnt     Gap

*     0+    0                            0.0000   1.57580e+09              --- 
Found incumbent of value 0.000000 after 0.02 sec. (1.86 ticks)
      0     0   5.45625e+07     4        0.0000   5.45625e+07       11     --- 
      0     0   5.42862e+07     6        0.0000       Cuts: 3       14     --- 
      0     0   5.35528e+07     6        0.0000      Fract: 1       19     --- 
      0     0   5.33844e+07     6        0.0000    MIRcuts: 4       25     --- 
      0     0   5.33233e+07     7        0.0000       Cuts: 3       28     --- 
      0     0   5.32775e+07     7        0.0000    MIRcuts: 3       30     --- 
      0     0   5.32747e+07     7        0.0000    MIRcuts: 2       32     --- 
      0     0   5.30312e+07     6        0.0000    MIRcuts: 3       37     --- 
      0     0   5.29233e+07     6        0.0000    MIRcuts: 2       39     --- 
*     0+    0                       4.60000e+07   5.29233e+07            15.05%
Found incumbent of value 4.6000000e+07 after 0.02 sec. (5.65 ticks)
*     0+    0                       4.80000e+07   5.29233e+07            10.26%
Found incumbent of value 4.8000000e+07 after 0.02 sec. (5.87 ticks)
*     0+    0                       5.00000e+07   5.29233e+07             5.85%
Found incumbent of value 5.0000000e+07 after 0.03 sec. (6.24 ticks)

Mixed integer rounding cuts applied:  5
Gomory fractional cuts applied:  1

Root node processing (before b&c):
  Real time             =    0.03 sec. (6.26 ticks)
Parallel b&c, 4 threads:
  Real time             =    0.00 sec. (0.00 ticks)
  Sync time (average)   =    0.00 sec.
  Wait time (average)   =    0.00 sec.
                          ------------
Total (root+branch&cut) =    0.03 sec. (6.26 ticks)

--- MIP status (102): integer optimal, tolerance.
--- Cplex Time: 0.03sec (det. 6.27 ticks)

--- Returning a primal only solution to GAMS (marginals all set to NA).
--- Fixing integer variables and solving final LP...

Version identifier: 22.1.2.0 | 2024-11-25 | 0edbb82fd
CPXPARAM_Advance                                 2
CPXPARAM_MIP_Display                             4
CPXPARAM_MIP_Pool_Capacity                       0
CPXPARAM_MIP_Tolerances_AbsMIPGap                0
CPXPARAM_MIP_Tolerances_MIPGap                   0.050000000000000003
Tried aggregator 1 time.
LP Presolve eliminated 89 rows and 787 columns.
All rows and columns eliminated.
Presolve time = 0.00 sec. (0.23 ticks)

--- Fixed MIP status (1): optimal.
--- Cplex Time: 0.00sec (det. 0.33 ticks)


Solution satisfies tolerances

--- Reading solution for model GeraPadrao
--- Executing after solve: elapsed 0:00:02.145
--- APS_Otimizacao.gms(761) 8 Mb
    [INFO] Novo padrao com valor: 50000000.0000
    [ACCEPT] Padrao Job009       aceito com utilizacao: 97.16%
--- Generating RMIP model CorteMestre
--- APS_Otimizacao.gms(764) 8 Mb
--- LOOPS FOR/WHILE = 10
---   6,293 rows  6,491 columns  15,735 non-zeroes
---   216 discrete-columns
--- Range statistics (absolute non-zero finite values)
--- RHS       [min, max] : [ 2.000E+00, 1.080E+03] - Zero values observed as well
--- Bound     [min, max] : [        NA,        NA] - Zero values observed as well
--- Matrix    [min, max] : [ 1.000E+00, 1.000E+06]
--- Executing CPLEX (Solvelink=2): elapsed 0:00:02.160

IBM ILOG CPLEX   50.2.0 d60bb663 Jul 14, 2025          WEI x86 64bit/MS Window

--- GAMS/CPLEX licensed for continuous and discrete problems.
--- GMO setup time: 0.00s
--- Space for names approximately 0.66 Mb
--- Use option 'names no' to turn use of names off
--- GMO memory 2.46 Mb (peak 2.51 Mb)
--- Dictionary memory 0.00 Mb
--- Cplex 22.1.2.0 link memory 0.20 Mb (peak 1.17 Mb)
--- Starting Cplex

Version identifier: 22.1.2.0 | 2024-11-25 | 0edbb82fd
CPXPARAM_Advance                                 0
CPXPARAM_MIP_Display                             4
CPXPARAM_MIP_Pool_Capacity                       0
CPXPARAM_MIP_Tolerances_AbsMIPGap                0
CPXPARAM_MIP_Tolerances_MIPGap                   0.050000000000000003
Parallel mode: deterministic, using up to 4 threads for concurrent optimization:
 * Starting dual Simplex on 1 thread...
 * Starting Barrier on 3 threads...
Tried aggregator 1 time.
LP Presolve eliminated 6203 rows and 6303 columns.
Reduced LP has 89 rows, 188 columns, and 905 nonzeros.
Presolve time = 0.00 sec. (4.16 ticks)

Iteration log . . .
Iteration:     1   Dual objective     =    2000000040.012192
Iteration:    62   Dual objective     =    2009499030.349293

Dual simplex solved model.


--- LP status (1): optimal.
--- Cplex Time: 0.03sec (det. 7.51 ticks)


Optimal solution found
Objective:   2012896810.670118

--- Reading solution for model CorteMestre
--- Executing after solve: elapsed 0:00:02.266
--- APS_Otimizacao.gms(761) 8 Mb
    [INFO] Iteracao 10 | Backlog: 2012.8967 | Custo: 140.19
--- Generating MIP model GeraPadrao
--- APS_Otimizacao.gms(775) 8 Mb
--- LOOPS FOR/WHILE = 10
---   90 rows  787 columns  1,207 non-zeroes
---   786 discrete-columns
--- Range statistics (absolute non-zero finite values)
--- RHS       [min, max] : [ 1.000E+00, 7.874E+01] - Zero values observed as well
--- Bound     [min, max] : [ 1.000E+00, 1.900E+01] - Zero values observed as well
--- Matrix    [min, max] : [ 3.343E-01, 8.000E+06] - Zero values observed as well
--- Executing CPLEX (Solvelink=2): elapsed 0:00:02.270

IBM ILOG CPLEX   50.2.0 d60bb663 Jul 14, 2025          WEI x86 64bit/MS Window

--- GAMS/CPLEX licensed for continuous and discrete problems.
--- GMO setup time: 0.00s
--- Space for names approximately 0.04 Mb
--- Use option 'names no' to turn use of names off
--- GMO memory 0.60 Mb (peak 0.61 Mb)
--- Dictionary memory 0.00 Mb
--- Cplex 22.1.2.0 link memory 0.02 Mb (peak 0.08 Mb)
--- Starting Cplex

Version identifier: 22.1.2.0 | 2024-11-25 | 0edbb82fd
CPXPARAM_Advance                                 0
CPXPARAM_MIP_Display                             4
CPXPARAM_MIP_Pool_Capacity                       0
CPXPARAM_MIP_Tolerances_AbsMIPGap                0
CPXPARAM_MIP_Tolerances_MIPGap                   0.050000000000000003
Generic callback                                 0x50
Tried aggregator 2 times.
MIP Presolve eliminated 0 rows and 700 columns.
MIP Presolve modified 28 coefficients.
Aggregator did 1 substitutions.
Reduced MIP has 88 rows, 86 columns, and 425 nonzeros.
Reduced MIP has 5 binaries, 81 generals, 0 SOSs, and 0 indicators.
Presolve time = 0.02 sec. (0.97 ticks)
Found incumbent of value 0.000000 after 0.02 sec. (1.06 ticks)
Probing time = 0.00 sec. (0.08 ticks)
Tried aggregator 1 time.
Detecting symmetries...
Reduced MIP has 88 rows, 86 columns, and 425 nonzeros.
Reduced MIP has 5 binaries, 81 generals, 0 SOSs, and 0 indicators.
Presolve time = 0.00 sec. (0.32 ticks)
Probing time = 0.00 sec. (0.08 ticks)
Clique table members: 1.
MIP emphasis: balance optimality and feasibility.
MIP search method: dynamic search.
Parallel mode: deterministic, using up to 4 threads.
Parallel mode: deterministic, using up to 1 threads for parallel tasks at root LP.
Tried aggregator 1 time.
No LP presolve or aggregator reductions.
Presolve time = 0.00 sec. (0.05 ticks)

Iteration log . . .
Iteration:     1   Dual objective     =      71999999.999999
Root relaxation solution time = 0.00 sec. (0.16 ticks)

        Nodes                                         Cuts/
   Node  Left     Objective  IInf  Best Integer    Best Bound    ItCnt     Gap

*     0+    0                            0.0000   1.46080e+09              --- 
Found incumbent of value 0.000000 after 0.02 sec. (1.87 ticks)
*     0+    0                       3.60000e+07   1.46080e+09              --- 
Found incumbent of value 3.6000000e+07 after 0.02 sec. (1.87 ticks)
      0     0   5.37835e+07     4   3.60000e+07   5.37835e+07       14   49.40%
      0     0   5.35364e+07     5   3.60000e+07       Cuts: 2       17   48.71%
      0     0   5.32852e+07     6   3.60000e+07       Cuts: 2       20   48.01%
*     0+    0                       4.80000e+07   5.32852e+07            11.01%
Found incumbent of value 4.8000000e+07 after 0.02 sec. (3.39 ticks)

Gomory fractional cuts applied:  2

Root node processing (before b&c):
  Real time             =    0.03 sec. (3.56 ticks)
Parallel b&c, 4 threads:
  Real time             =    0.00 sec. (0.00 ticks)
  Sync time (average)   =    0.00 sec.
  Wait time (average)   =    0.00 sec.
                          ------------
Total (root+branch&cut) =    0.03 sec. (3.56 ticks)

--- MIP status (102): integer optimal, tolerance.
--- Cplex Time: 0.03sec (det. 3.56 ticks)

--- Returning a primal only solution to GAMS (marginals all set to NA).
--- Fixing integer variables and solving final LP...

Version identifier: 22.1.2.0 | 2024-11-25 | 0edbb82fd
CPXPARAM_Advance                                 2
CPXPARAM_MIP_Display                             4
CPXPARAM_MIP_Pool_Capacity                       0
CPXPARAM_MIP_Tolerances_AbsMIPGap                0
CPXPARAM_MIP_Tolerances_MIPGap                   0.050000000000000003
Tried aggregator 1 time.
LP Presolve eliminated 89 rows and 787 columns.
All rows and columns eliminated.
Presolve time = 0.00 sec. (0.23 ticks)

--- Fixed MIP status (1): optimal.
--- Cplex Time: 0.00sec (det. 0.33 ticks)


Solution satisfies tolerances

--- Reading solution for model GeraPadrao
--- Executing after solve: elapsed 0:00:02.363
--- APS_Otimizacao.gms(761) 8 Mb
    [INFO] Novo padrao com valor: 48000000.0000
    [ACCEPT] Padrao Job010       aceito com utilizacao: 97.47%
--- Generating RMIP model CorteMestre
--- APS_Otimizacao.gms(764) 8 Mb
--- LOOPS FOR/WHILE = 11
---   6,293 rows  6,515 columns  15,993 non-zeroes
---   240 discrete-columns
--- Range statistics (absolute non-zero finite values)
--- RHS       [min, max] : [ 2.000E+00, 1.080E+03] - Zero values observed as well
--- Bound     [min, max] : [        NA,        NA] - Zero values observed as well
--- Matrix    [min, max] : [ 1.000E+00, 1.000E+06]
--- Executing CPLEX (Solvelink=2): elapsed 0:00:02.377

IBM ILOG CPLEX   50.2.0 d60bb663 Jul 14, 2025          WEI x86 64bit/MS Window

--- GAMS/CPLEX licensed for continuous and discrete problems.
--- GMO setup time: 0.00s
--- Space for names approximately 0.66 Mb
--- Use option 'names no' to turn use of names off
--- GMO memory 2.47 Mb (peak 2.52 Mb)
--- Dictionary memory 0.00 Mb
--- Cplex 22.1.2.0 link memory 0.20 Mb (peak 1.17 Mb)
--- Starting Cplex

Version identifier: 22.1.2.0 | 2024-11-25 | 0edbb82fd
CPXPARAM_Advance                                 0
CPXPARAM_MIP_Display                             4
CPXPARAM_MIP_Pool_Capacity                       0
CPXPARAM_MIP_Tolerances_AbsMIPGap                0
CPXPARAM_MIP_Tolerances_MIPGap                   0.050000000000000003
Parallel mode: deterministic, using up to 4 threads for concurrent optimization:
 * Starting dual Simplex on 1 thread...
 * Starting Barrier on 3 threads...
Tried aggregator 1 time.
LP Presolve eliminated 6194 rows and 6305 columns.
Reduced LP has 98 rows, 210 columns, and 1010 nonzeros.
Presolve time = 0.00 sec. (4.21 ticks)

Iteration log . . .
Iteration:     1   Dual objective     =    1866000040.012192
Iteration:    62   Dual objective     =    1866000156.229318

Dual simplex solved model.


--- LP status (1): optimal.
--- Cplex Time: 0.03sec (det. 7.64 ticks)


Optimal solution found
Objective:   1890896826.710554

--- Reading solution for model CorteMestre
--- Executing after solve: elapsed 0:00:02.483
--- APS_Otimizacao.gms(761) 8 Mb
    [INFO] Iteracao 11 | Backlog: 1890.8967 | Custo: 156.23
--- Generating MIP model GeraPadrao
--- APS_Otimizacao.gms(775) 8 Mb
--- LOOPS FOR/WHILE = 11
---   90 rows  787 columns  1,207 non-zeroes
---   786 discrete-columns
--- Range statistics (absolute non-zero finite values)
--- RHS       [min, max] : [ 1.000E+00, 7.874E+01] - Zero values observed as well
--- Bound     [min, max] : [ 1.000E+00, 1.900E+01] - Zero values observed as well
--- Matrix    [min, max] : [ 3.343E-01, 8.000E+06] - Zero values observed as well
--- Executing CPLEX (Solvelink=2): elapsed 0:00:02.487

IBM ILOG CPLEX   50.2.0 d60bb663 Jul 14, 2025          WEI x86 64bit/MS Window

--- GAMS/CPLEX licensed for continuous and discrete problems.
--- GMO setup time: 0.00s
--- Space for names approximately 0.04 Mb
--- Use option 'names no' to turn use of names off
--- GMO memory 0.60 Mb (peak 0.61 Mb)
--- Dictionary memory 0.00 Mb
--- Cplex 22.1.2.0 link memory 0.02 Mb (peak 0.08 Mb)
--- Starting Cplex

Version identifier: 22.1.2.0 | 2024-11-25 | 0edbb82fd
CPXPARAM_Advance                                 0
CPXPARAM_MIP_Display                             4
CPXPARAM_MIP_Pool_Capacity                       0
CPXPARAM_MIP_Tolerances_AbsMIPGap                0
CPXPARAM_MIP_Tolerances_MIPGap                   0.050000000000000003
Generic callback                                 0x50
Tried aggregator 2 times.
MIP Presolve eliminated 0 rows and 700 columns.
MIP Presolve modified 28 coefficients.
Aggregator did 1 substitutions.
Reduced MIP has 88 rows, 86 columns, and 425 nonzeros.
Reduced MIP has 5 binaries, 81 generals, 0 SOSs, and 0 indicators.
Presolve time = 0.00 sec. (0.97 ticks)
Found incumbent of value 0.000000 after 0.00 sec. (1.06 ticks)
Probing time = 0.00 sec. (0.08 ticks)
Tried aggregator 1 time.
Detecting symmetries...
Reduced MIP has 88 rows, 86 columns, and 425 nonzeros.
Reduced MIP has 5 binaries, 81 generals, 0 SOSs, and 0 indicators.
Presolve time = 0.00 sec. (0.32 ticks)
GAMScom-Server: Socket not open, can't process 'stepLine'

Root node processing (before b&c):
  Real time             =    0.00 sec. (1.53 ticks)
Parallel b&c, 4 threads:
  Real time             =    0.00 sec. (0.00 ticks)
  Sync time (average)   =    0.00 sec.
  Wait time (average)   =    0.00 sec.
                          ------------
Total (root+branch&cut) =    0.00 sec. (1.53 ticks)

--- MIP status (113): aborted.
--- Cplex Time: 0.02sec (det. 1.53 ticks)

--- Returning a primal only solution to GAMS (marginals all set to NA).
--- Fixing integer variables and solving final LP...

Version identifier: 22.1.2.0 | 2024-11-25 | 0edbb82fd
CPXPARAM_Advance                                 2
CPXPARAM_MIP_Display                             4
CPXPARAM_MIP_Pool_Capacity                       0
CPXPARAM_MIP_Tolerances_AbsMIPGap                0
CPXPARAM_MIP_Tolerances_MIPGap                   0.050000000000000003
Tried aggregator 1 time.
LP Presolve eliminated 89 rows and 787 columns.
All rows and columns eliminated.
Presolve time = 0.00 sec. (0.23 ticks)

--- Fixed MIP status (1): optimal.
--- Cplex Time: 0.00sec (det. 0.33 ticks)


Problem aborted
MIP Solution:            0.000000    (0 iterations, 0 nodes)
Final Solve:             0.000000    (0 iterations)

Best possible:  1376800063.599127
Absolute gap:   1376800063.599127
Relative gap:            1.000000

--- Reading solution for model GeraPadrao
--- Executing after solve: elapsed 0:00:02.569
--- APS_Otimizacao.gms(809) 8 Mb
--- Generating MIP model CorteMestre
--- APS_Otimizacao.gms(810) 8 Mb
---   6,293 rows  6,515 columns  15,993 non-zeroes
---   240 discrete-columns
--- Range statistics (absolute non-zero finite values)
--- RHS       [min, max] : [ 2.000E+00, 1.080E+03] - Zero values observed as well
--- Bound     [min, max] : [        NA,        NA] - Zero values observed as well
--- Matrix    [min, max] : [ 1.000E+00, 1.000E+06]
--- Executing CPLEX (Solvelink=2): elapsed 0:00:02.587

IBM ILOG CPLEX   50.2.0 d60bb663 Jul 14, 2025          WEI x86 64bit/MS Window

--- GAMS/CPLEX licensed for continuous and discrete problems.
--- GMO setup time: 0.00s
--- Space for names approximately 0.66 Mb
--- Use option 'names no' to turn use of names off
--- GMO memory 2.47 Mb (peak 2.52 Mb)
--- Dictionary memory 0.00 Mb
--- Cplex 22.1.2.0 link memory 0.20 Mb (peak 1.18 Mb)
--- Starting Cplex

Version identifier: 22.1.2.0 | 2024-11-25 | 0edbb82fd
CPXPARAM_Advance                                 0
CPXPARAM_MIP_Display                             4
CPXPARAM_MIP_Pool_Capacity                       0
CPXPARAM_MIP_Tolerances_AbsMIPGap                0
CPXPARAM_MIP_Tolerances_MIPGap                   0.050000000000000003
Generic callback                                 0x50
Tried aggregator 1 time.
MIP Presolve eliminated 6235 rows and 6318 columns.
MIP Presolve modified 126 coefficients.
Reduced MIP has 57 rows, 77 columns, and 154 nonzeros.
Reduced MIP has 0 binaries, 20 generals, 0 SOSs, and 0 indicators.
Presolve time = 0.00 sec. (5.12 ticks)
Found incumbent of value 3.5860000e+09 after 0.00 sec. (5.71 ticks)

Root node processing (before b&c):
  Real time             =    0.02 sec. (6.96 ticks)
Parallel b&c, 4 threads:
  Real time             =    0.00 sec. (0.00 ticks)
  Sync time (average)   =    0.00 sec.
  Wait time (average)   =    0.00 sec.
                          ------------
Total (root+branch&cut) =    0.02 sec. (6.96 ticks)

--- MIP status (102): integer optimal, tolerance.
--- Cplex Time: 0.02sec (det. 6.98 ticks)

--- Returning a primal only solution to GAMS (marginals all set to NA).
--- Fixing integer variables and solving final LP...

Version identifier: 22.1.2.0 | 2024-11-25 | 0edbb82fd
CPXPARAM_Advance                                 2
CPXPARAM_MIP_Display                             4
CPXPARAM_MIP_Pool_Capacity                       0
CPXPARAM_MIP_Tolerances_AbsMIPGap                0
CPXPARAM_MIP_Tolerances_MIPGap                   0.050000000000000003
Parallel mode: deterministic, using up to 4 threads for concurrent optimization:
 * Starting dual Simplex on 1 thread...
 * Starting Barrier on 3 threads...
Tried aggregator 1 time.
LP Presolve eliminated 6292 rows and 6515 columns.
All rows and columns eliminated.
Presolve time = 0.00 sec. (3.44 ticks)

Dual simplex solved model.


--- Fixed MIP status (1): optimal.
--- Cplex Time: 0.02sec (det. 6.43 ticks)


Solution satisfies tolerances

--- Reading solution for model CorteMestre
--- Executing after solve: elapsed 0:00:02.711
--- APS_Otimizacao.gms(869) 11 Mb
--- Putfile f_composicao_csv C:\Users\55159\source\repos\APSSystem_NOVO\f_composicao_csv.put
--- Putfile f_plano_csv C:\Users\55159\source\repos\APSSystem_NOVO\f_plano_csv.put
--- Putfile f_status_csv C:\Users\55159\source\repos\APSSystem_NOVO\f_status_csv.put
*** Status: Normal completion
--- Job APS_Otimizacao.gms Stop 08/16/25 08:56:10 elapsed 0:00:02.719
